<?xml version="1.0" encoding="UTF-8"?>
<testsuite name="lv.javaguru.java2.library.core.services.validators.PagingValidatorTest" tests="4" skipped="0" failures="0" errors="0" timestamp="2022-10-03T11:00:55" hostname="WIN-0H610JFV0TP" time="0.006">
  <properties/>
  <testcase name="shouldReturnErrorWhenPageNumberAreEmpty" classname="lv.javaguru.java2.library.core.services.validators.PagingValidatorTest" time="0.005"/>
  <testcase name="shouldReturnErrorWhenPageSizeAreEmpty" classname="lv.javaguru.java2.library.core.services.validators.PagingValidatorTest" time="0.0"/>
  <testcase name="shouldReturnErrorWhenPageSizeContainNotValidValue" classname="lv.javaguru.java2.library.core.services.validators.PagingValidatorTest" time="0.0"/>
  <testcase name="shouldReturnErrorWhenPageNumberContainNotValidValue" classname="lv.javaguru.java2.library.core.services.validators.PagingValidatorTest" time="0.0"/>
  <system-out><![CDATA[]]></system-out>
  <system-err><![CDATA[]]></system-err>
</testsuite>
