<?xml version="1.0" encoding="UTF-8"?>
<testsuite name="lv.javaguru.java2.library.core.services.validators.SearchBooksRequestFieldValidatorTest" tests="4" skipped="0" failures="0" errors="0" timestamp="2022-10-03T11:00:55" hostname="WIN-0H610JFV0TP" time="0.004">
  <properties/>
  <testcase name="shouldNotReturnErrorsWhenAuthorIsProvided" classname="lv.javaguru.java2.library.core.services.validators.SearchBooksRequestFieldValidatorTest" time="0.002"/>
  <testcase name="shouldNotReturnErrorsWhenTitleIsProvided" classname="lv.javaguru.java2.library.core.services.validators.SearchBooksRequestFieldValidatorTest" time="0.0"/>
  <testcase name="shouldReturnErrorWhenSearchFieldsAreEmpty" classname="lv.javaguru.java2.library.core.services.validators.SearchBooksRequestFieldValidatorTest" time="0.002"/>
  <testcase name="shouldNotReturnErrorsWhenTitleAndAuthorIsProvided" classname="lv.javaguru.java2.library.core.services.validators.SearchBooksRequestFieldValidatorTest" time="0.0"/>
  <system-out><![CDATA[]]></system-out>
  <system-err><![CDATA[]]></system-err>
</testsuite>
