<?xml version="1.0" encoding="UTF-8"?>
<testsuite name="lv.javaguru.java2.library.core.services.SearchBooksRequestValidatorTest" tests="1" skipped="0" failures="0" errors="0" timestamp="2022-10-16T15:20:36" hostname="Jevgenijss-MacBook-Pro.local" time="0.001">
  <properties/>
  <testcase name="shouldNotReturnErrorsWhenAuthorIsProvided" classname="lv.javaguru.java2.library.core.services.SearchBooksRequestValidatorTest" time="0.001"/>
  <system-out><![CDATA[]]></system-out>
  <system-err><![CDATA[]]></system-err>
</testsuite>
