<?xml version="1.0" encoding="UTF-8"?>
<testsuite name="lv.javaguru.java2.library.core.services.validators.SearchBooksRequestValidatorTest" tests="8" skipped="0" failures="0" errors="0" timestamp="2022-10-03T11:00:57" hostname="WIN-0H610JFV0TP" time="0.225">
  <properties/>
  <testcase name="shouldReturnErrorsWhenFieldValidatorReturnErrors" classname="lv.javaguru.java2.library.core.services.validators.SearchBooksRequestValidatorTest" time="0.193"/>
  <testcase name="shouldNotReturnErrorsWhenPagingValidatorReturnNoErrors" classname="lv.javaguru.java2.library.core.services.validators.SearchBooksRequestValidatorTest" time="0.004"/>
  <testcase name="shouldNotInvokePagingValidatorWhenNoPagingObjectPresentInRequest" classname="lv.javaguru.java2.library.core.services.validators.SearchBooksRequestValidatorTest" time="0.002"/>
  <testcase name="shouldReturnErrorsWhenOrderingValidatorReturnErrors" classname="lv.javaguru.java2.library.core.services.validators.SearchBooksRequestValidatorTest" time="0.003"/>
  <testcase name="shouldReturnErrorsWhenPagingValidatorReturnErrors" classname="lv.javaguru.java2.library.core.services.validators.SearchBooksRequestValidatorTest" time="0.003"/>
  <testcase name="shouldNotReturnErrorsWhenFieldValidatorReturnNoErrors" classname="lv.javaguru.java2.library.core.services.validators.SearchBooksRequestValidatorTest" time="0.003"/>
  <testcase name="shouldNotInvokeOrderingValidatorWhenNoOrderingObjectPresentInRequest" classname="lv.javaguru.java2.library.core.services.validators.SearchBooksRequestValidatorTest" time="0.002"/>
  <testcase name="shouldNotReturnErrorsWhenOrderingValidatorReturnNoErrors" classname="lv.javaguru.java2.library.core.services.validators.SearchBooksRequestValidatorTest" time="0.003"/>
  <system-out><![CDATA[]]></system-out>
  <system-err><![CDATA[]]></system-err>
</testsuite>
