<?xml version="1.0" encoding="UTF-8"?>
<testsuite name="lv.javaguru.java2.library.core.services.validators.AddBookRequestValidatorTest" tests="4" skipped="0" failures="0" errors="0" timestamp="2022-10-03T11:00:56" hostname="WIN-0H610JFV0TP" time="0.093">
  <properties/>
  <testcase name="shouldSuccess" classname="lv.javaguru.java2.library.core.services.validators.AddBookRequestValidatorTest" time="0.028"/>
  <testcase name="shouldReturnErrorWhenAuthorIsNull" classname="lv.javaguru.java2.library.core.services.validators.AddBookRequestValidatorTest" time="0.046"/>
  <testcase name="shouldReturnErrorWhenTitleIsNull" classname="lv.javaguru.java2.library.core.services.validators.AddBookRequestValidatorTest" time="0.003"/>
  <testcase name="shouldReturnErrorsWhenAuthorAndTitleIsNull" classname="lv.javaguru.java2.library.core.services.validators.AddBookRequestValidatorTest" time="0.004"/>
  <system-out><![CDATA[]]></system-out>
  <system-err><![CDATA[]]></system-err>
</testsuite>
